#
# There is insufficient memory for the Java Runtime Environment to continue.
# Native memory allocation (malloc) failed to allocate 226416 bytes for Chunk::new
# Possible reasons:
#   The system is out of physical RAM or swap space
#   The process is running with CompressedOops enabled, and the Java Heap may be blocking the growth of the native heap
# Possible solutions:
#   Reduce memory load on the system
#   Increase physical memory or swap space
#   Check if swap backing store is full
#   Decrease Java heap size (-Xmx/-Xms)
#   Decrease number of Java threads
#   Decrease Java thread stack sizes (-Xss)
#   Set larger code cache with -XX:ReservedCodeCacheSize=
#   JVM is running with Zero Based Compressed Oops mode in which the Java heap is
#     placed in the first 32GB address space. The Java Heap base address is the
#     maximum limit for the native heap growth. Please use -XX:HeapBaseMinAddress
#     to set the Java Heap base and to place the Java Heap above 32GB virtual address.
# This output file may be truncated or incomplete.
#
#  Out of Memory Error (allocation.cpp:389), pid=18700, tid=0x0000000000006e54
#
# JRE version: OpenJDK Runtime Environment (8.0_292-b10) (build 1.8.0_292-b10)
# Java VM: OpenJDK 64-Bit Server VM (25.292-b10 mixed mode windows-amd64 compressed oops)
# Failed to write core dump. Minidumps are not enabled by default on client versions of Windows
#

---------------  T H R E A D  ---------------

Current thread (0x000001782277f800):  JavaThread "C2 CompilerThread1" daemon [_thread_in_native, id=28244, stack(0x0000002bd2400000,0x0000002bd2500000)]

Stack: [0x0000002bd2400000,0x0000002bd2500000]
[error occurred during error reporting (printing stack bounds), id 0xc0000005]

Native frames: (J=compiled Java code, j=interpreted, Vv=VM code, C=native code)


Current CompileTask:
C2:   3397 1513   !   4       sun.misc.URLClassPath$JarLoader::getResource (353 bytes)


---------------  P R O C E S S  ---------------

Java Threads: ( => current thread )
  0x00000178227ee000 JavaThread "Service Thread" daemon [_thread_blocked, id=28288, stack(0x0000002bd2600000,0x0000002bd2700000)]
  0x0000017822791000 JavaThread "C1 CompilerThread2" daemon [_thread_blocked, id=24888, stack(0x0000002bd2500000,0x0000002bd2600000)]
=>0x000001782277f800 JavaThread "C2 CompilerThread1" daemon [_thread_in_native, id=28244, stack(0x0000002bd2400000,0x0000002bd2500000)]
  0x000001782277b000 JavaThread "C2 CompilerThread0" daemon [_thread_in_native, id=30092, stack(0x0000002bd2300000,0x0000002bd2400000)]
  0x0000017822776000 JavaThread "Monitor Ctrl-Break" daemon [_thread_in_native, id=7572, stack(0x0000002bd2200000,0x0000002bd2300000)]
  0x00000178226f0800 JavaThread "Attach Listener" daemon [_thread_blocked, id=24708, stack(0x0000002bd2100000,0x0000002bd2200000)]
  0x00000178226f0000 JavaThread "Signal Dispatcher" daemon [_thread_blocked, id=26352, stack(0x0000002bd2000000,0x0000002bd2100000)]
  0x00000178226c7000 JavaThread "Finalizer" daemon [_thread_blocked, id=24724, stack(0x0000002bd1f00000,0x0000002bd2000000)]
  0x00000178226bb000 JavaThread "Reference Handler" daemon [_thread_blocked, id=16684, stack(0x0000002bd1e00000,0x0000002bd1f00000)]
  0x00000178073e7000 JavaThread "main" [_thread_in_vm, id=23052, stack(0x0000002bd1800000,0x0000002bd1900000)]

Other Threads:
  0x0000017821f8e800 VMThread [stack: 0x0000002bd1d00000,0x0000002bd1e00000] [id=22912]
  0x00000178232d8800 WatcherThread [stack: 0x0000002bd2700000,0x0000002bd2800000] [id=22248]

VM state:not at safepoint (normal execution)

VM Mutex/Monitor currently owned by a thread: None

heap address: 0x00000006c0400000, size: 4092 MB, Compressed Oops mode: Zero based, Oop shift amount: 3
Narrow klass base: 0x0000000000000000, Narrow klass shift: 3
Compressed class space size: 1073741824 Address: 0x00000007c0000000

Heap:
 PSYoungGen      total 76288K, used 22490K [0x000000076ac00000, 0x0000000770100000, 0x00000007c0000000)
  eden space 65536K, 18% used [0x000000076ac00000,0x000000076b811a58,0x000000076ec00000)
  from space 10752K, 94% used [0x000000076ec00000,0x000000076f5e4fe8,0x000000076f680000)
  to   space 10752K, 0% used [0x000000076f680000,0x000000076f680000,0x0000000770100000)
 ParOldGen       total 175104K, used 80K [0x00000006c0400000, 0x00000006caf00000, 0x000000076ac00000)
  object space 175104K, 0% used [0x00000006c0400000,0x00000006c0414010,0x00000006caf00000)
 Metaspace       used 16127K, capacity 16616K, committed 16896K, reserved 1064960K
  class space    used 1807K, capacity 1933K, committed 2048K, reserved 1048576K

Card table byte_map: [0x0000017818100000,0x0000017818900000] byte_map_base: 0x0000017814afe000

Marking Bits: (ParMarkBitMap*) 0x00000000673af7f0
 Begin Bits: [0x0000017818e60000, 0x000001781ce50000)
 End Bits:   [0x000001781ce50000, 0x0000017820e40000)

Polling page: 0x0000017807530000

CodeCache: size=245760Kb used=6275Kb max_used=6275Kb free=239484Kb
 bounds [0x0000017808d40000, 0x0000017809370000, 0x0000017817d40000]
 total_blobs=2143 nmethods=1529 adapters=526
 compilation: enabled

Compilation events (10 events):
Event: 3.376 Thread 0x0000017822791000 1528       3       sun.reflect.ClassFileAssembler::cpi (22 bytes)
Event: 3.376 Thread 0x0000017822791000 nmethod 1528 0x000001780935c510 code [0x000001780935c680, 0x000001780935c8d0]
Event: 3.383 Thread 0x0000017822791000 1529       3       sun.reflect.generics.reflectiveObjects.ParameterizedTypeImpl::toString (242 bytes)
Event: 3.385 Thread 0x0000017822791000 nmethod 1529 0x000001780935c990 code [0x000001780935cdc0, 0x000001780935f7f0]
Event: 3.385 Thread 0x0000017822791000 1530       3       sun.reflect.ClassFileAssembler::emitConstantPoolUTF8 (50 bytes)
Event: 3.386 Thread 0x0000017822791000 nmethod 1530 0x0000017809360a10 code [0x0000017809360c00, 0x0000017809361290]
Event: 3.386 Thread 0x0000017822791000 1531       3       sun.reflect.ByteVectorImpl::getLength (7 bytes)
Event: 3.386 Thread 0x0000017822791000 nmethod 1531 0x0000017809361750 code [0x00000178093618a0, 0x00000178093619f8]
Event: 3.386 Thread 0x0000017822791000 1532  s!   3       java.beans.PropertyDescriptor::getPropertyType (33 bytes)
Event: 3.386 Thread 0x0000017822791000 nmethod 1532 0x0000017809361a90 code [0x0000017809361c80, 0x0000017809362710]

GC Heap History (2 events):
Event: 3.053 GC heap before
{Heap before GC invocations=1 (full 0):
 PSYoungGen      total 76288K, used 65319K [0x000000076ac00000, 0x0000000770100000, 0x00000007c0000000)
  eden space 65536K, 99% used [0x000000076ac00000,0x000000076ebc9c18,0x000000076ec00000)
  from space 10752K, 0% used [0x000000076f680000,0x000000076f680000,0x0000000770100000)
  to   space 10752K, 0% used [0x000000076ec00000,0x000000076ec00000,0x000000076f680000)
 ParOldGen       total 175104K, used 0K [0x00000006c0400000, 0x00000006caf00000, 0x000000076ac00000)
  object space 175104K, 0% used [0x00000006c0400000,0x00000006c0400000,0x00000006caf00000)
 Metaspace       used 15410K, capacity 15862K, committed 16000K, reserved 1062912K
  class space    used 1738K, capacity 1875K, committed 1920K, reserved 1048576K
Event: 3.068 GC heap after
Heap after GC invocations=1 (full 0):
 PSYoungGen      total 76288K, used 10131K [0x000000076ac00000, 0x0000000770100000, 0x00000007c0000000)
  eden space 65536K, 0% used [0x000000076ac00000,0x000000076ac00000,0x000000076ec00000)
  from space 10752K, 94% used [0x000000076ec00000,0x000000076f5e4fe8,0x000000076f680000)
  to   space 10752K, 0% used [0x000000076f680000,0x000000076f680000,0x0000000770100000)
 ParOldGen       total 175104K, used 80K [0x00000006c0400000, 0x00000006caf00000, 0x000000076ac00000)
  object space 175104K, 0% used [0x00000006c0400000,0x00000006c0414010,0x00000006caf00000)
 Metaspace       used 15410K, capacity 15862K, committed 16000K, reserved 1062912K
  class space    used 1738K, capacity 1875K, committed 1920K, reserved 1048576K
}

Deoptimization events (10 events):
Event: 0.633 Thread 0x00000178073e7000 Uncommon trap: reason=unstable_if action=reinterpret pc=0x0000017808f33ff0 method=sun.misc.MetaIndex.mayContain(Ljava/lang/String;)Z @ 38
Event: 0.697 Thread 0x00000178073e7000 Uncommon trap: reason=null_check action=make_not_entrant pc=0x0000017808e5028c method=java.lang.String.equals(Ljava/lang/Object;)Z @ 8
Event: 0.736 Thread 0x00000178073e7000 Uncommon trap: reason=unstable_if action=reinterpret pc=0x0000017808f0a838 method=java.lang.String.indexOf([CII[CIII)I @ 3
Event: 1.228 Thread 0x00000178073e7000 Uncommon trap: reason=unstable_if action=reinterpret pc=0x0000017808ea5910 method=sun.nio.cs.UTF_8$Encoder.encode([CII[B)I @ 33
Event: 2.264 Thread 0x00000178073e7000 Uncommon trap: reason=range_check action=make_not_entrant pc=0x0000017809136ba8 method=sun.reflect.generics.parser.SignatureParser.current()C @ 34
Event: 3.089 Thread 0x00000178073e7000 Uncommon trap: reason=unstable_if action=reinterpret pc=0x000001780913be18 method=java.lang.ref.SoftReference.get()Ljava/lang/Object; @ 17
Event: 3.367 Thread 0x00000178073e7000 Uncommon trap: reason=bimorphic action=maybe_recompile pc=0x00000178090ea9ec method=java.util.HashMap.putVal(ILjava/lang/Object;Ljava/lang/Object;ZZ)Ljava/lang/Object; @ 253
Event: 3.367 Thread 0x00000178073e7000 Uncommon trap: reason=bimorphic action=maybe_recompile pc=0x00000178090ea9ec method=java.util.HashMap.putVal(ILjava/lang/Object;Ljava/lang/Object;ZZ)Ljava/lang/Object; @ 253
Event: 3.367 Thread 0x00000178073e7000 Uncommon trap: reason=bimorphic action=maybe_recompile pc=0x00000178090ea9ec method=java.util.HashMap.putVal(ILjava/lang/Object;Ljava/lang/Object;ZZ)Ljava/lang/Object; @ 253
Event: 3.367 Thread 0x00000178073e7000 Uncommon trap: reason=bimorphic action=maybe_recompile pc=0x00000178090ea9ec method=java.util.HashMap.putVal(ILjava/lang/Object;Ljava/lang/Object;ZZ)Ljava/lang/Object; @ 253

Classes redefined (0 events):
No events

Internal exceptions (10 events):
Event: 3.348 Thread 0x00000178073e7000 Exception <a 'java/lang/ClassNotFoundException': io/restassured/config/RestAssuredConfigBeanInfo> (0x000000076b504d48) thrown at [C:\wsjdk\Corretto8Src\installers\windows\zip\corretto-build\buildRoot\src\hotspot\src\share\vm\classfile\systemDictionary.cpp
Event: 3.348 Thread 0x00000178073e7000 Exception <a 'java/lang/ClassNotFoundException': io/restassured/config/RestAssuredConfigCustomizer> (0x000000076b516d30) thrown at [C:\wsjdk\Corretto8Src\installers\windows\zip\corretto-build\buildRoot\src\hotspot\src\share\vm\classfile\systemDictionary.c
Event: 3.354 Thread 0x00000178073e7000 Exception <a 'java/lang/ClassNotFoundException': io/restassured/config/HeaderConfigBeanInfo> (0x000000076b56ae80) thrown at [C:\wsjdk\Corretto8Src\installers\windows\zip\corretto-build\buildRoot\src\hotspot\src\share\vm\classfile\systemDictionary.cpp, lin
Event: 3.354 Thread 0x00000178073e7000 Exception <a 'java/lang/ClassNotFoundException': io/restassured/config/HeaderConfigCustomizer> (0x000000076b57b718) thrown at [C:\wsjdk\Corretto8Src\installers\windows\zip\corretto-build\buildRoot\src\hotspot\src\share\vm\classfile\systemDictionary.cpp, l
Event: 3.363 Thread 0x00000178073e7000 Exception <a 'java/lang/ClassNotFoundException': io/restassured/filter/log/LogDetailBeanInfo> (0x000000076b5dc670) thrown at [C:\wsjdk\Corretto8Src\installers\windows\zip\corretto-build\buildRoot\src\hotspot\src\share\vm\classfile\systemDictionary.cpp, li
Event: 3.363 Thread 0x00000178073e7000 Exception <a 'java/lang/ClassNotFoundException': io/restassured/filter/log/LogDetailCustomizer> (0x000000076b5ec108) thrown at [C:\wsjdk\Corretto8Src\installers\windows\zip\corretto-build\buildRoot\src\hotspot\src\share\vm\classfile\systemDictionary.cpp, 
Event: 3.375 Thread 0x00000178073e7000 Exception <a 'java/lang/ClassNotFoundException': io/restassured/assertion/BodyMatcherGroupBeanInfo> (0x000000076b655498) thrown at [C:\wsjdk\Corretto8Src\installers\windows\zip\corretto-build\buildRoot\src\hotspot\src\share\vm\classfile\systemDictionary.c
Event: 3.375 Thread 0x00000178073e7000 Exception <a 'java/lang/ClassNotFoundException': io/restassured/assertion/BodyMatcherGroupCustomizer> (0x000000076b666470) thrown at [C:\wsjdk\Corretto8Src\installers\windows\zip\corretto-build\buildRoot\src\hotspot\src\share\vm\classfile\systemDictionary
Event: 3.382 Thread 0x00000178073e7000 Exception <a 'java/lang/ClassNotFoundException': io/restassured/internal/ResponseSpecificationImpl$HamcrestAssertionClosureBeanInfo> (0x000000076b6bbdd8) thrown at [C:\wsjdk\Corretto8Src\installers\windows\zip\corretto-build\buildRoot\src\hotspot\src\shar
Event: 3.383 Thread 0x00000178073e7000 Exception <a 'java/lang/ClassNotFoundException': io/restassured/internal/ResponseSpecificationImpl$HamcrestAssertionClosureCustomizer> (0x000000076b6d3780) thrown at [C:\wsjdk\Corretto8Src\installers\windows\zip\corretto-build\buildRoot\src\hotspot\src\sh

Events (10 events):
Event: 3.382 loading class io/restassured/internal/ResponseSpecificationImpl$HamcrestAssertionClosureCustomizer
Event: 3.382 loading class io/restassured/internal/ResponseSpecificationImpl$HamcrestAssertionClosureCustomizer done
Event: 3.382 loading class io/restassured/internal/ResponseSpecificationImpl$HamcrestAssertionClosureCustomizer
Event: 3.382 loading class io/restassured/internal/ResponseSpecificationImpl$HamcrestAssertionClosureCustomizer done
Event: 3.383 loading class io/restassured/internal/ResponseSpecificationImpl$HamcrestAssertionClosureCustomizer
Event: 3.383 loading class io/restassured/internal/ResponseSpecificationImpl$HamcrestAssertionClosureCustomizer done
Event: 3.386 loading class groovy/runtime/metaclass/io/restassured/internal/ResponseSpecificationImplMetaClass
Event: 3.386 loading class groovy/runtime/metaclass/io/restassured/internal/ResponseSpecificationImplMetaClass done
Event: 3.387 loading class org/hamcrest/Description
Event: 3.387 loading class org/hamcrest/Description done


Dynamic libraries:
0x00007ff64b0f0000 - 0x00007ff64b12a000 	C:\Users\79137\.jdks\corretto-1.8.0_292\bin\java.exe
0x00007ffe83070000 - 0x00007ffe83265000 	C:\Windows\SYSTEM32\ntdll.dll
0x00007ffe82310000 - 0x00007ffe823ce000 	C:\Windows\System32\KERNEL32.DLL
0x00007ffe80de0000 - 0x00007ffe810a8000 	C:\Windows\System32\KERNELBASE.dll
0x00007ffe81dd0000 - 0x00007ffe81e7c000 	C:\Windows\System32\ADVAPI32.dll
0x00007ffe82910000 - 0x00007ffe829ae000 	C:\Windows\System32\msvcrt.dll
0x00007ffe81a80000 - 0x00007ffe81b1b000 	C:\Windows\System32\sechost.dll
0x00007ffe82f00000 - 0x00007ffe8302a000 	C:\Windows\System32\RPCRT4.dll
0x00007ffe81b40000 - 0x00007ffe81ce1000 	C:\Windows\System32\USER32.dll
0x00007ffe80b50000 - 0x00007ffe80b72000 	C:\Windows\System32\win32u.dll
0x00007ffe82a30000 - 0x00007ffe82a5b000 	C:\Windows\System32\GDI32.dll
0x00007ffe80810000 - 0x00007ffe8091d000 	C:\Windows\System32\gdi32full.dll
0x00007ffe80920000 - 0x00007ffe809bd000 	C:\Windows\System32\msvcp_win.dll
0x00007ffe80b80000 - 0x00007ffe80c80000 	C:\Windows\System32\ucrtbase.dll
0x00007ffe72520000 - 0x00007ffe727ba000 	C:\Windows\WinSxS\amd64_microsoft.windows.common-controls_6595b64144ccf1df_6.0.19041.1110_none_60b5254171f9507e\COMCTL32.dll
0x00007ffe82d50000 - 0x00007ffe82d80000 	C:\Windows\System32\IMM32.DLL
0x00007ffe520d0000 - 0x00007ffe521bf000 	C:\Users\79137\.jdks\corretto-1.8.0_292\jre\bin\msvcr120.dll
0x00007ffe50c80000 - 0x00007ffe50d26000 	C:\Users\79137\.jdks\corretto-1.8.0_292\jre\bin\msvcp120.dll
0x0000000066bc0000 - 0x000000006742e000 	C:\Users\79137\.jdks\corretto-1.8.0_292\jre\bin\server\jvm.dll
0x00007ffe81e80000 - 0x00007ffe81e88000 	C:\Windows\System32\PSAPI.DLL
0x00007ffe7c6c0000 - 0x00007ffe7c6c9000 	C:\Windows\SYSTEM32\WSOCK32.dll
0x00007ffe82e30000 - 0x00007ffe82e9b000 	C:\Windows\System32\WS2_32.dll
0x00007ffe73450000 - 0x00007ffe73477000 	C:\Windows\SYSTEM32\WINMM.dll
0x00007ffe79a50000 - 0x00007ffe79a5a000 	C:\Windows\SYSTEM32\VERSION.dll
0x00007ffe7b620000 - 0x00007ffe7b62f000 	C:\Users\79137\.jdks\corretto-1.8.0_292\jre\bin\verify.dll
0x00007ffe7b5f0000 - 0x00007ffe7b619000 	C:\Users\79137\.jdks\corretto-1.8.0_292\jre\bin\java.dll
0x00007ffe7b1e0000 - 0x00007ffe7b20a000 	C:\Users\79137\.jdks\corretto-1.8.0_292\jre\bin\instrument.dll
0x00007ffe7b290000 - 0x00007ffe7b2a6000 	C:\Users\79137\.jdks\corretto-1.8.0_292\jre\bin\zip.dll
0x00007ffe81330000 - 0x00007ffe81a74000 	C:\Windows\System32\SHELL32.dll
0x00007ffe7f380000 - 0x00007ffe7fb14000 	C:\Windows\SYSTEM32\windows.storage.dll
0x00007ffe82480000 - 0x00007ffe827d5000 	C:\Windows\System32\combase.dll
0x00007ffe80020000 - 0x00007ffe8004e000 	C:\Windows\SYSTEM32\Wldp.dll
0x00007ffe82d80000 - 0x00007ffe82e2d000 	C:\Windows\System32\SHCORE.dll
0x00007ffe81d70000 - 0x00007ffe81dc5000 	C:\Windows\System32\shlwapi.dll
0x00007ffe806c0000 - 0x00007ffe806df000 	C:\Windows\SYSTEM32\profapi.dll
0x00007ffe79b60000 - 0x00007ffe79b7a000 	D:\Progs\IntelliJ IDEA 2021.1.1\bin\breakgen64.dll
0x00007ffe79ba0000 - 0x00007ffe79bba000 	C:\Users\79137\.jdks\corretto-1.8.0_292\jre\bin\net.dll
0x00007ffe7f310000 - 0x00007ffe7f37a000 	C:\Windows\system32\mswsock.dll
0x00007ffe803e0000 - 0x00007ffe803f8000 	C:\Windows\SYSTEM32\CRYPTSP.dll
0x0000000069c90000 - 0x0000000069ca1000 	C:\Program Files\Common Files\Crypto Pro\AppCompat\cpadvai.dll
0x0000000069cb0000 - 0x0000000069cb7000 	C:\Program Files\Common Files\Crypto Pro\AppCompat\detoured.dll
0x00007ffe7ecb0000 - 0x00007ffe7ece4000 	C:\Windows\system32\rsaenh.dll
0x00007ffe80ac0000 - 0x00007ffe80ae7000 	C:\Windows\System32\bcrypt.dll
0x00007ffe80680000 - 0x00007ffe806ae000 	C:\Windows\SYSTEM32\USERENV.dll
0x00007ffe80780000 - 0x00007ffe80802000 	C:\Windows\System32\bcryptprimitives.dll
0x00007ffe7ff90000 - 0x00007ffe7ff9c000 	C:\Windows\SYSTEM32\CRYPTBASE.dll
0x00007ffe7f020000 - 0x00007ffe7f05b000 	C:\Windows\SYSTEM32\IPHLPAPI.DLL
0x00007ffe81d50000 - 0x00007ffe81d58000 	C:\Windows\System32\NSI.dll
0x00007ffe79660000 - 0x00007ffe79677000 	C:\Windows\SYSTEM32\dhcpcsvc6.DLL
0x00007ffe792f0000 - 0x00007ffe7930d000 	C:\Windows\SYSTEM32\dhcpcsvc.DLL
0x00007ffe7f060000 - 0x00007ffe7f12b000 	C:\Windows\SYSTEM32\DNSAPI.dll
0x00007ffe79b80000 - 0x00007ffe79b92000 	C:\Users\79137\.jdks\corretto-1.8.0_292\jre\bin\nio.dll

VM Arguments:
jvm_args: -ea -Didea.test.cyclic.buffer.size=1048576 -javaagent:D:\Progs\IntelliJ IDEA 2021.1.1\lib\idea_rt.jar=11966:D:\Progs\IntelliJ IDEA 2021.1.1\bin -Dfile.encoding=UTF-8 
java_command: com.intellij.rt.testng.RemoteTestNGStarter -usedefaultlisteners false -socket11965 @w@C:\Users\79137\AppData\Local\Temp\idea_working_dirs_testng.tmp -temp C:\Users\79137\AppData\Local\Temp\idea_testng.tmp
java_class_path (initial): D:\Progs\IntelliJ IDEA 2021.1.1\lib\idea_rt.jar;D:\Progs\IntelliJ IDEA 2021.1.1\plugins\testng\lib\testng-rt.jar;C:\Users\79137\.jdks\corretto-1.8.0_292\jre\lib\charsets.jar;C:\Users\79137\.jdks\corretto-1.8.0_292\jre\lib\ext\access-bridge-64.jar;C:\Users\79137\.jdks\corretto-1.8.0_292\jre\lib\ext\cldrdata.jar;C:\Users\79137\.jdks\corretto-1.8.0_292\jre\lib\ext\dnsns.jar;C:\Users\79137\.jdks\corretto-1.8.0_292\jre\lib\ext\jaccess.jar;C:\Users\79137\.jdks\corretto-1.8.0_292\jre\lib\ext\jfxrt.jar;C:\Users\79137\.jdks\corretto-1.8.0_292\jre\lib\ext\localedata.jar;C:\Users\79137\.jdks\corretto-1.8.0_292\jre\lib\ext\nashorn.jar;C:\Users\79137\.jdks\corretto-1.8.0_292\jre\lib\ext\sunec.jar;C:\Users\79137\.jdks\corretto-1.8.0_292\jre\lib\ext\sunjce_provider.jar;C:\Users\79137\.jdks\corretto-1.8.0_292\jre\lib\ext\sunmscapi.jar;C:\Users\79137\.jdks\corretto-1.8.0_292\jre\lib\ext\sunpkcs11.jar;C:\Users\79137\.jdks\corretto-1.8.0_292\jre\lib\ext\zipfs.jar;C:\Users\79137\.jdks\corretto-1.8.0_292\jre\lib\jce.jar;C:\Users\79137\.jdks\corretto-1.8.0_292\jre\lib\jfr.jar;C:\Users\79137\.jdks\corretto-1.8.0_292\jre\lib\jfxswt.jar;C:\Users\79137\.jdks\corretto-1.8.0_292\jre\lib\jsse.jar;C:\Users\79137\.jdks\corretto-1.8.0_292\jre\lib\management-agent.jar;C:\Users\79137\.jdks\corretto-1.8.0_292\jre\lib\resources.jar;C:\Users\79137\.jdks\corretto-1.8.0_292\jre\lib\rt.jar;D:\IdeaProjects\Courses\RAFromZeroToHero\Spotify\target\test-classes;C:\Users\79137\.m2\repository\io\rest-assured\rest-assured\4.3.3\rest-assured-4.3.3.jar;C:\Users\79137\.m2\repository\org\codehaus\groovy\groovy\3.0.7\groovy-3.0.7.jar;C:\Users\79137\.m2\repository\org\codehaus\groovy\groovy-xml\3.0.7\groovy-xml-3.0.7.jar;C:\Users\79137\.m2\repository\org\apache\httpcomponents\httpclient\4.5.3\httpclient-4.5.3.jar;C:\Users\79137\.m2\repository\org\apache\httpcomponents\httpcore\4.4.6\httpcore-4.4.6.jar;C:\Users\79137\.m2\repository\commons-logging\commons-logging\1.2\commons-logging-1.2.jar
Launcher Type: SUN_STANDARD

Environment Variables:
JAVA_HOME=c:\Program Files\Java\jdk-11.0.11\
PATH=C:\Program Files\Common Files\Oracle\Java\javapath;C:\Program Files (x86)\Common Files\Oracle\Java\javapath;C:\Windows\system32;C:\Windows;C:\Windows\System32\Wbem;C:\Windows\System32\WindowsPowerShell\v1.0\;C:\Windows\System32\OpenSSH\;C:\Program Files\Git\cmd;c:\Gradle\gradle-7.0.2\bin\;c:\Program Files\Java\jdk-11.0.11\bin\;d:\Progs\maven\bin\;C:\Program Files\NVIDIA Corporation\NVIDIA NvDLISR;c:\Program Files\Java\jdk-11.0.11\\bin;;C:\Program Files\Docker\Docker\resources\bin;C:\ProgramData\DockerDesktop\version-bin;C:\Program Files (x86)\NVIDIA Corporation\PhysX\Common;C:\Users\79137\AppData\Local\Microsoft\WindowsApps;
USERNAME=79137
OS=Windows_NT
PROCESSOR_IDENTIFIER=Intel64 Family 6 Model 42 Stepping 7, GenuineIntel



---------------  S Y S T E M  ---------------

OS: Windows 10.0 , 64 bit Build 19041 (10.0.19041.1348)

CPU:total 4 (initial active 4) (4 cores per cpu, 1 threads per core) family 6 model 42 stepping 7, cmov, cx8, fxsr, mmx, sse, sse2, sse3, ssse3, sse4.1, sse4.2, popcnt, avx, aes, clmul, tsc, tscinvbit

Memory: 4k page, physical 16760244k(1563300k free), swap 31412528k(2088k free)

vm_info: OpenJDK 64-Bit Server VM (25.292-b10) for windows-amd64 JRE (1.8.0_292-b10), built on Apr 14 2021 23:06:53 by "Administrator" with MS VC++ 12.0 (VS2013)

time: Fri Jan 14 22:56:37 2022
timezone: Iiaineae?neia noaiaa?oiia a?aiy
elapsed time: 3.403986 seconds (0d 0h 0m 3s)

